07.04.2010 11:44 [+] Служба стартовала.
07.04.2010 11:44 [!] Запущено задание импорта.
07.04.2010 11:44 [!] Запущено задание экспорта.
07.04.2010 11:44 [!] Запущено задание мониторинга.
07.04.2010 11:44 [!] Запущено задание получения КЭШа.
07.04.2010 11:44 [!] Запущено задание повторной выгрузки суточных данных.
07.04.2010 11:45 [+] Опрос каталога
07.04.2010 11:47 [+] Принудительный импорт справочников.
07.04.2010 11:47 [+] Получен файл getdata.1.sql
07.04.2010 11:47 [+] Файл getdata.1.sql удален с сервера
07.04.2010 11:47 [+] Получен файл getdata.2.sql
07.04.2010 11:47 [+] Файл getdata.2.sql удален с сервера
07.04.2010 11:47 [+] Получен файл getdata.3.sql
07.04.2010 11:47 [+] Файл getdata.3.sql удален с сервера
07.04.2010 11:47 [+] Опрос каталога
07.04.2010 11:47 [+] Найден файл экспорта из SQL команды getdata.1.sql
07.04.2010 11:47 [>] select * from [order];

07.04.2010 11:47 [+] Найден файл экспорта из SQL команды getdata.2.sql
07.04.2010 11:47 [>] select * from price;

07.04.2010 11:47 [+] Найден файл экспорта из SQL команды getdata.3.sql
07.04.2010 11:47 [>] sdgsdgsg

07.04.2010 12:00 [+] Запрос кэша korder.xml
07.04.2010 12:00 [+] Опрос каталога
07.04.2010 12:01 [+] Получен кэш korder.xml.zip
07.04.2010 12:01 [!] Ошибка распаковки korder.xml.zip
07.04.2010 12:01 [+] Запрос кэша ioorder.zip.xml
07.04.2010 12:01 [+] Получен кэш ioorder.xml.zip
07.04.2010 12:01 [!] Ошибка распаковки ioorder.xml.zip
07.04.2010 12:01 [+] Запрос кэша irorder.zip.xml
07.04.2010 12:02 [!] Ошибка при получении кэша irorder.xml.zip Время ожидания операции истекло
System
07.04.2010 12:03 [+] Принудительный экспорт данных.
07.04.2010 12:03 [+] Начинаем экспорт заказов
07.04.2010 12:03 [+] Экспорт заказов завершен
07.04.2010 12:03 [+] Начинаем экспорт платежей
07.04.2010 12:03 [+] Экспорт платежей завершен
07.04.2010 12:03 [+] начинаем экспорт инвентаризации
07.04.2010 12:03 [+] Начинаем экспорт сверки
07.04.2010 12:03 [+] Начинаем экспорт списаний
07.04.2010 12:03 [+] Начинаем экспорт счетчиков операторов
07.04.2010 12:03 [+] Экспорт счетчиков операторов завершен
07.04.2010 12:03 [+] Начинаем экспорт счетчиков моментальной печати
07.04.2010 12:03 [+] Начинаем экспорт событий по терминальным заказам
07.04.2010 12:03 [+] Проставляем признак экспорта в заказах
07.04.2010 12:03 [+] Проставляем признак экспорта в таблице заказа
07.04.2010 12:03 [+] Проставляем признак экспорта в платежах
07.04.2010 12:03 [+] Проставляем признак экспорта в списаниях
07.04.2010 12:03 [+] Проставляем признак экспорта в инвентаризации
07.04.2010 12:03 [+] Проставляем признак экспорта в сверке
07.04.2010 12:03 [+] Проставляем признак экспорта событий по терминальным заказам
07.04.2010 12:03 [+] Проставляем признак экспорта счетчиков операторов
07.04.2010 12:03 [+] Проставляем признак экспорта счетчиков моментальной печати
07.04.2010 12:03 [+] Начинаем отправку данных
07.04.2010 12:03 [+] Файл getdata.1.sql.2010_04_07_11_47_44.csv успешно скопирован в резервный каталог
07.04.2010 12:03 [+] Файл getdata.1.sql.2010_04_07_11_47_44.csv успешно скопирован на ftp сервер
07.04.2010 12:04 [+] Файл getdata.1.sql.2010_04_07_11_47_44.csv успешно удален
07.04.2010 12:04 [+] Файл getdata.2.sql.2010_04_07_11_47_45.csv успешно скопирован в резервный каталог
07.04.2010 12:04 [+] Файл getdata.2.sql.2010_04_07_11_47_45.csv успешно скопирован на ftp сервер
07.04.2010 12:04 [+] Файл getdata.2.sql.2010_04_07_11_47_45.csv успешно удален
07.04.2010 12:04 [+] Файл getdata.3.sql.2010_04_07_11_47_45.csv успешно скопирован в резервный каталог
07.04.2010 12:04 [+] Файл getdata.3.sql.2010_04_07_11_47_45.csv успешно скопирован на ftp сервер
07.04.2010 12:04 [+] Файл getdata.3.sql.2010_04_07_11_47_45.csv успешно удален
07.04.2010 12:04 [+] Файл opcounter_2010_04_07_12_03_46.csv успешно скопирован в резервный каталог
07.04.2010 12:04 [+] Файл opcounter_2010_04_07_12_03_46.csv успешно скопирован на ftp сервер
07.04.2010 12:04 [+] Файл opcounter_2010_04_07_12_03_46.csv успешно удален
07.04.2010 12:04 [+] Файл order3_2010_04_07_12_03_46.csv успешно скопирован в резервный каталог
07.04.2010 12:04 [+] Файл order3_2010_04_07_12_03_46.csv успешно скопирован на ftp сервер
07.04.2010 12:04 [+] Файл order3_2010_04_07_12_03_46.csv успешно удален
07.04.2010 12:04 [+] Файл payments_2010_04_07_12_03_46.csv успешно скопирован в резервный каталог
07.04.2010 12:04 [+] Файл payments_2010_04_07_12_03_46.csv успешно скопирован на ftp сервер
07.04.2010 12:04 [+] Файл payments_2010_04_07_12_03_46.csv успешно удален
07.04.2010 12:04 [+] Файл er_2009-11-23.info успешно скопирован в резервный каталог
07.04.2010 12:04 [+] Файл er_2009-11-23.info успешно скопирован на ftp сервер
07.04.2010 12:04 [+] Файл er_2009-11-23.info успешно удален
07.04.2010 12:04 [+] Файл er_2009-11-24.info успешно скопирован в резервный каталог
07.04.2010 12:04 [+] Файл er_2009-11-24.info успешно скопирован на ftp сервер
07.04.2010 12:04 [+] Файл er_2009-11-24.info успешно удален
07.04.2010 12:04 [+] Файл er_2009-12-22.info успешно скопирован в резервный каталог
07.04.2010 12:04 [+] Файл er_2009-12-22.info успешно скопирован на ftp сервер
07.04.2010 12:04 [+] Файл er_2009-12-22.info успешно удален
07.04.2010 12:04 [!] Остановлено задание импорта
07.04.2010 12:04 [!] Остановлено задание экспорта.
07.04.2010 12:04 [!] Остановлено задание мониторинга.
07.04.2010 12:04 [!] Остановлено задание получения КЭШа.
07.04.2010 12:04 [!] Остановлено задание повторной выгрузки суточных данных.
07.04.2010 12:04 [+] Служба остановлена.
13.12.2010 17:16 [+] Служба стартовала.
13.12.2010 17:16 [!] Запущено задание импорта.
13.12.2010 17:16 [!] Запущено задание экспорта.
13.12.2010 17:16 [!] Запущено задание мониторинга.
13.12.2010 17:16 [!] Запущено задание получения КЭШа.
13.12.2010 17:16 [!] Запущено задание повторной выгрузки суточных данных.
13.12.2010 17:17 [+] Принудительный экспорт данных.
13.12.2010 17:17 [+] Начинаем экспорт заказов
13.12.2010 17:17 [+] Экспорт заказов завершен
13.12.2010 17:17 [+] Начинаем экспорт платежей
13.12.2010 17:17 [+] Экспорт платежей завершен
13.12.2010 17:17 [+] начинаем экспорт инвентаризации
13.12.2010 17:17 [+] Начинаем экспорт сверки
13.12.2010 17:17 [+] Начинаем экспорт списаний
13.12.2010 17:17 [+] Начинаем экспорт счетчиков операторов
13.12.2010 17:17 [+] Экспорт счетчиков операторов завершен
13.12.2010 17:17 [+] Начинаем экспорт счетчиков моментальной печати
13.12.2010 17:17 [+] Начинаем экспорт событий по терминальным заказам
13.12.2010 17:17 [+] Проставляем признак экспорта в заказах
13.12.2010 17:17 [+] Проставляем признак экспорта в таблице заказа
13.12.2010 17:17 [+] Проставляем признак экспорта в платежах
13.12.2010 17:17 [+] Проставляем признак экспорта в списаниях
13.12.2010 17:17 [+] Проставляем признак экспорта в инвентаризации
13.12.2010 17:17 [+] Проставляем признак экспорта в сверке
13.12.2010 17:17 [+] Проставляем признак экспорта событий по терминальным заказам
13.12.2010 17:17 [+] Проставляем признак экспорта счетчиков операторов
13.12.2010 17:17 [+] Проставляем признак экспорта счетчиков моментальной печати
13.12.2010 17:17 [+] Начинаем отправку данных
13.12.2010 17:17 [+] Файл opcounter_2010_12_13_17_17_39.csv успешно скопирован в резервный каталог
13.12.2010 17:17 [+] Файл opcounter_2010_12_13_17_17_39.csv успешно скопирован на ftp сервер
13.12.2010 17:17 [+] Файл opcounter_2010_12_13_17_17_39.csv успешно удален
13.12.2010 17:17 [+] Файл order3_2010_12_13_17_17_39.csv успешно скопирован в резервный каталог
13.12.2010 17:17 [+] Файл order3_2010_12_13_17_17_39.csv успешно скопирован на ftp сервер
13.12.2010 17:17 [+] Файл order3_2010_12_13_17_17_39.csv успешно удален
13.12.2010 17:17 [+] Файл payments_2010_12_13_17_17_39.csv успешно скопирован в резервный каталог
13.12.2010 17:17 [+] Файл payments_2010_12_13_17_17_39.csv успешно скопирован на ftp сервер
13.12.2010 17:17 [+] Файл payments_2010_12_13_17_17_39.csv успешно удален
13.12.2010 17:17 [+] Файл er_2010-08-26.info успешно скопирован в резервный каталог
13.12.2010 17:17 [+] Файл er_2010-08-26.info успешно скопирован на ftp сервер
13.12.2010 17:17 [+] Файл er_2010-08-26.info успешно удален
13.12.2010 17:17 [+] Файл er_2010-08-30.info успешно скопирован в резервный каталог
13.12.2010 17:17 [+] Файл er_2010-08-30.info успешно скопирован на ftp сервер
13.12.2010 17:17 [+] Файл er_2010-08-30.info успешно удален
13.12.2010 17:17 [+] Файл er_2010-09-22.info успешно скопирован в резервный каталог
13.12.2010 17:17 [+] Файл er_2010-09-22.info успешно скопирован на ftp сервер
13.12.2010 17:17 [+] Файл er_2010-09-22.info успешно удален
13.12.2010 17:17 [+] Файл er_2010-10-07.info успешно скопирован в резервный каталог
13.12.2010 17:17 [+] Файл er_2010-10-07.info успешно скопирован на ftp сервер
13.12.2010 17:17 [+] Файл er_2010-10-07.info успешно удален
13.12.2010 17:17 [+] Принудительный импорт справочников.
13.12.2010 17:17 [+] Получен файл before.01.sql
13.12.2010 17:17 [+] Файл before.01.sql удален с сервера
13.12.2010 17:17 [+] Получен файл before.02.sql
13.12.2010 17:17 [+] Файл before.02.sql удален с сервера
13.12.2010 17:17 [+] Опрос каталога
13.12.2010 17:17 [+] Найден файл предварительной SQL команды before.01.sql
13.12.2010 17:17 [>] DELETE [dbo].[vwPriceFull];

13.12.2010 17:17 [!] Ошибка выполнения запроса View or function 'dbo.vwPriceFull' is not updatable because the modification affects multiple base tables.
.Net SqlClient Data Provider
13.12.2010 17:17 [+] Найден файл предварительной SQL команды before.02.sql
13.12.2010 17:17 [>] CREATE VIEW [dbo].[vwPriceFull]
AS
SELECT     dbo.price.id_price, dbo.price.id_good, dbo.price.id_category, dbo.price.guid, dbo.price.amount, dbo.price.amount2, dbo.price.threshold, 
                      dbo.good.guid AS good_guid, dbo.good.name AS good_name, dbo.good.description, dbo.good.prefix, dbo.good.folder, dbo.good.type, 
                      dbo.good.checked, dbo.category.guid AS category_guid, dbo.category.name AS category_name, dbo.price.amount3, dbo.price.threshold2, 
                      dbo.price.ondate
FROM         dbo.price RIGHT OUTER JOIN
                      dbo.category ON dbo.price.id_category = dbo.category.id_category RIGHT OUTER JOIN
                      dbo.good ON dbo.price.id_good = dbo.good.id_good

13.12.2010 17:17 [!] Ошибка выполнения запроса There is already an object named 'vwPriceFull' in the database.
.Net SqlClient Data Provider
13.12.2010 17:21 [!] Остановлено задание импорта
13.12.2010 17:21 [!] Остановлено задание экспорта.
13.12.2010 17:21 [!] Остановлено задание мониторинга.
13.12.2010 17:21 [!] Остановлено задание получения КЭШа.
13.12.2010 17:21 [!] Остановлено задание повторной выгрузки суточных данных.
13.12.2010 17:21 [+] Служба остановлена.
16.12.2010 12:47 [+] Служба стартовала.
16.12.2010 12:47 [!] Запущено задание импорта.
16.12.2010 12:47 [!] Запущено задание экспорта.
16.12.2010 12:47 [!] Запущено задание мониторинга.
16.12.2010 12:47 [!] Запущено задание получения КЭШа.
16.12.2010 12:47 [!] Запущено задание повторной выгрузки суточных данных.
16.12.2010 12:48 [+] Принудительный экспорт данных.
16.12.2010 12:48 [+] Начинаем экспорт заказов
16.12.2010 12:48 [+] Экспорт заказов завершен
16.12.2010 12:48 [+] Начинаем экспорт платежей
16.12.2010 12:48 [+] Экспорт платежей завершен
16.12.2010 12:48 [+] начинаем экспорт инвентаризации
16.12.2010 12:48 [+] Начинаем экспорт сверки
16.12.2010 12:48 [+] Начинаем экспорт списаний
16.12.2010 12:48 [+] Начинаем экспорт счетчиков операторов
16.12.2010 12:48 [+] Начинаем экспорт счетчиков моментальной печати
16.12.2010 12:48 [+] Начинаем экспорт событий по терминальным заказам
16.12.2010 12:48 [+] Экспорт событий по терминальным заказам завершен
16.12.2010 12:48 [+] Проставляем признак экспорта в заказах
16.12.2010 12:48 [+] Проставляем признак экспорта в таблице заказа
16.12.2010 12:48 [+] Проставляем признак экспорта в платежах
16.12.2010 12:48 [+] Проставляем признак экспорта в списаниях
16.12.2010 12:48 [+] Проставляем признак экспорта в инвентаризации
16.12.2010 12:48 [+] Проставляем признак экспорта в сверке
16.12.2010 12:48 [+] Проставляем признак экспорта событий по терминальным заказам
16.12.2010 12:48 [+] Проставляем признак экспорта счетчиков операторов
16.12.2010 12:48 [+] Проставляем признак экспорта счетчиков моментальной печати
16.12.2010 12:48 [+] Начинаем отправку данных
16.12.2010 12:48 [+] Файл order3_2010_12_16_12_48_16.csv успешно скопирован в резервный каталог
16.12.2010 12:48 [+] Файл order3_2010_12_16_12_48_16.csv успешно скопирован на ftp сервер
16.12.2010 12:48 [+] Файл order3_2010_12_16_12_48_16.csv успешно удален
16.12.2010 12:48 [+] Файл payments_2010_12_16_12_48_16.csv успешно скопирован в резервный каталог
16.12.2010 12:48 [+] Файл payments_2010_12_16_12_48_16.csv успешно скопирован на ftp сервер
16.12.2010 12:48 [+] Файл payments_2010_12_16_12_48_16.csv успешно удален
16.12.2010 12:48 [+] Файл er_2010-12-13.info успешно скопирован в резервный каталог
16.12.2010 12:48 [+] Файл er_2010-12-13.info успешно скопирован на ftp сервер
16.12.2010 12:48 [+] Файл er_2010-12-13.info успешно удален
16.12.2010 12:48 [+] Файл er_2010-12-14.info успешно скопирован в резервный каталог
16.12.2010 12:48 [+] Файл er_2010-12-14.info успешно скопирован на ftp сервер
16.12.2010 12:48 [+] Файл er_2010-12-14.info успешно удален
16.12.2010 13:00 [+] Опрос каталога
16.12.2010 13:00 [+] Запрос кэша korder.xml
16.12.2010 13:00 [+] Получен кэш korder.xml.zip
16.12.2010 13:00 [!] Ошибка распаковки korder.xml.zip
16.12.2010 13:00 [+] Запрос кэша ioorder.zip.xml
16.12.2010 13:00 [+] Получен кэш ioorder.xml.zip
16.12.2010 13:00 [!] Ошибка распаковки ioorder.xml.zip
16.12.2010 13:00 [+] Запрос кэша irorder.zip.xml
16.12.2010 13:00 [+] Получен кэш irorder.xml.zip
16.12.2010 13:00 [!] Ошибка распаковки irorder.xml.zip
16.12.2010 13:10 [+] Начинаем экспорт заказов
16.12.2010 13:10 [+] Начинаем экспорт платежей
16.12.2010 13:10 [+] начинаем экспорт инвентаризации
16.12.2010 13:10 [+] Начинаем экспорт сверки
16.12.2010 13:10 [+] Начинаем экспорт списаний
16.12.2010 13:10 [+] Начинаем экспорт счетчиков операторов
16.12.2010 13:10 [+] Начинаем экспорт счетчиков моментальной печати
16.12.2010 13:10 [+] Начинаем экспорт событий по терминальным заказам
16.12.2010 13:10 [+] Проставляем признак экспорта в заказах
16.12.2010 13:10 [+] Проставляем признак экспорта в таблице заказа
16.12.2010 13:10 [+] Проставляем признак экспорта в платежах
16.12.2010 13:10 [+] Проставляем признак экспорта в списаниях
16.12.2010 13:10 [+] Проставляем признак экспорта в инвентаризации
16.12.2010 13:10 [+] Проставляем признак экспорта в сверке
16.12.2010 13:10 [+] Проставляем признак экспорта событий по терминальным заказам
16.12.2010 13:10 [+] Проставляем признак экспорта счетчиков операторов
16.12.2010 13:10 [+] Проставляем признак экспорта счетчиков моментальной печати
16.12.2010 13:10 [+] Начинаем отправку данных
16.12.2010 13:15 [+] Опрос каталога
16.12.2010 13:27 [!] Остановлено задание импорта
16.12.2010 13:27 [!] Остановлено задание экспорта.
16.12.2010 13:27 [!] Остановлено задание мониторинга.
16.12.2010 13:27 [!] Остановлено задание получения КЭШа.
16.12.2010 13:27 [!] Остановлено задание повторной выгрузки суточных данных.
16.12.2010 13:27 [+] Служба остановлена.
23.12.2010 10:49 [+] Служба стартовала.
23.12.2010 10:49 [!] Запущено задание импорта.
23.12.2010 10:49 [!] Запущено задание экспорта.
23.12.2010 10:49 [!] Запущено задание мониторинга.
23.12.2010 10:49 [!] Запущено задание получения КЭШа.
23.12.2010 10:49 [!] Запущено задание повторной выгрузки суточных данных.
23.12.2010 10:50 [+] Принудительный импорт справочников.
23.12.2010 10:50 [+] Получен файл category.csv
23.12.2010 10:50 [+] Файл category.csv удален с сервера
23.12.2010 10:50 [+] Получен файл dcard.csv
23.12.2010 10:50 [+] Файл dcard.csv удален с сервера
23.12.2010 10:50 [+] Получен файл good.csv
23.12.2010 10:50 [+] Файл good.csv удален с сервера
23.12.2010 10:50 [+] Получен файл mashine.csv
23.12.2010 10:50 [+] Файл mashine.csv удален с сервера
23.12.2010 10:50 [+] Получен файл material.csv
23.12.2010 10:50 [+] Файл material.csv удален с сервера
23.12.2010 10:50 [+] Получен файл price.csv
23.12.2010 10:50 [+] Файл price.csv удален с сервера
23.12.2010 10:50 [+] Получен файл ptype.csv
23.12.2010 10:50 [+] Файл ptype.csv удален с сервера
23.12.2010 10:50 [+] Опрос каталога
23.12.2010 10:50 [+] Найден файл импорта category.csv
23.12.2010 10:50 [+] Начинаем иморт данных из файла category.csv
23.12.2010 10:50 [+] Очищаем таблицу категорий и услуг
23.12.2010 10:50 [+] Импорт завершен
23.12.2010 10:50 [+] Найден файл импорта dcard.csv
23.12.2010 10:50 [+] Начинаем иморт данных из файла dcard.csv
23.12.2010 10:50 [+] Очищаем таблицу дисконтных карт
23.12.2010 10:51 [+] Импорт завершен
23.12.2010 10:51 [+] Найден файл импорта good.csv
23.12.2010 10:51 [+] Начинаем иморт данных из файла good.csv
23.12.2010 10:51 [+] Очищаем таблицу товаров и услуг
23.12.2010 10:51 [+] Импорт завершен
23.12.2010 10:51 [+] Найден файл импорта mashine.csv
23.12.2010 10:51 [+] Начинаем иморт данных из файла mashine.csv
23.12.2010 10:51 [+] Очищаем таблицу машин операторов
23.12.2010 10:51 [+] Импорт завершен
23.12.2010 10:51 [+] Найден файл импорта material.csv
23.12.2010 10:51 [+] Начинаем иморт данных из файла material.csv
23.12.2010 10:51 [+] Очищаем таблицу материалов
23.12.2010 10:51 [+] Импорт завершен
23.12.2010 10:51 [+] Найден файл импорта price.csv
23.12.2010 10:51 [+] Начинаем иморт данных из файла price.csv
23.12.2010 10:51 [+] Очищаем таблицу прайса
23.12.2010 10:51 [+] Импорт завершен
23.12.2010 10:51 [+] Найден файл импорта ptype.csv
23.12.2010 10:51 [+] Начинаем иморт данных из файла ptype.csv
23.12.2010 10:51 [+] Очищаем таблицу типов оплаты
23.12.2010 10:51 [+] Импорт завершен
23.12.2010 10:58 [!] Остановлено задание импорта
23.12.2010 10:58 [!] Остановлено задание экспорта.
23.12.2010 10:58 [!] Остановлено задание мониторинга.
23.12.2010 10:58 [!] Остановлено задание получения КЭШа.
23.12.2010 10:58 [!] Остановлено задание повторной выгрузки суточных данных.
23.12.2010 10:58 [+] Служба остановлена.
22.05.2012 17:34 [+] Служба стартовала.
22.05.2012 17:34 [!] Запущено задание импорта.
22.05.2012 17:34 [!] Запущено задание экспорта.
22.05.2012 17:34 [!] Запущено задание мониторинга.
22.05.2012 17:34 [!] Запущено задание получения КЭШа.
22.05.2012 17:34 [!] Запущено задание повторной выгрузки суточных данных.
22.05.2012 17:34 [!] Запущено задание автоматической выгрузки заказов.
22.05.2012 17:38 [!] Остановлено задание импорта
22.05.2012 17:38 [!] Остановлено задание экспорта.
22.05.2012 17:38 [!] Остановлено задание мониторинга.
22.05.2012 17:38 [!] Остановлено задание получения КЭШа.
22.05.2012 17:38 [!] Остановлено задание повторной выгрузки суточных данных.
22.05.2012 17:38 [!] Остановлено задание автоматической выгрузки заказов.
22.05.2012 17:38 [+] Служба остановлена.
22.05.2012 17:40 [+] Служба стартовала.
22.05.2012 17:40 [!] Запущено задание импорта.
22.05.2012 17:40 [!] Запущено задание экспорта.
22.05.2012 17:40 [!] Запущено задание мониторинга.
22.05.2012 17:40 [!] Запущено задание получения КЭШа.
22.05.2012 17:40 [!] Запущено задание повторной выгрузки суточных данных.
22.05.2012 17:40 [!] Запущено задание автоматической выгрузки заказов.
22.05.2012 17:41 [+] Пробуем выгрузить заказы
22.05.2012 17:42 [+] Пробуем выгрузить заказы
22.05.2012 17:43 [+] Пробуем выгрузить заказы
22.05.2012 17:44 [!] Остановлено задание импорта
22.05.2012 17:44 [!] Остановлено задание экспорта.
22.05.2012 17:44 [!] Остановлено задание мониторинга.
22.05.2012 17:44 [!] Остановлено задание получения КЭШа.
22.05.2012 17:44 [!] Остановлено задание повторной выгрузки суточных данных.
22.05.2012 17:44 [!] Остановлено задание автоматической выгрузки заказов.
22.05.2012 17:44 [+] Служба остановлена.
22.05.2012 17:45 [+] Служба стартовала.
22.05.2012 17:45 [!] Запущено задание импорта.
22.05.2012 17:45 [!] Запущено задание экспорта.
22.05.2012 17:45 [!] Запущено задание мониторинга.
22.05.2012 17:45 [!] Запущено задание получения КЭШа.
22.05.2012 17:45 [!] Запущено задание повторной выгрузки суточных данных.
22.05.2012 17:45 [!] Запущено задание автоматической выгрузки заказов.
22.05.2012 17:46 [+] Пробуем выгрузить заказы
22.05.2012 17:46 [!] Ошибка выгрузки заказов Invalid column name 'place'.
22.05.2012 17:46 [!] Остановлено задание импорта
22.05.2012 17:46 [!] Остановлено задание экспорта.
22.05.2012 17:46 [!] Остановлено задание мониторинга.
22.05.2012 17:46 [!] Остановлено задание получения КЭШа.
22.05.2012 17:46 [!] Остановлено задание повторной выгрузки суточных данных.
22.05.2012 17:46 [!] Остановлено задание автоматической выгрузки заказов.
22.05.2012 17:46 [+] Служба остановлена.
22.05.2012 17:47 [+] Служба стартовала.
22.05.2012 17:47 [!] Запущено задание импорта.
22.05.2012 17:47 [!] Запущено задание экспорта.
22.05.2012 17:47 [!] Запущено задание мониторинга.
22.05.2012 17:47 [!] Запущено задание получения КЭШа.
22.05.2012 17:47 [!] Запущено задание повторной выгрузки суточных данных.
22.05.2012 17:47 [!] Запущено задание автоматической выгрузки заказов.
22.05.2012 17:48 [+] Пробуем выгрузить заказы
22.05.2012 17:48 [+] Выгружаем заказ 150000063961
22.05.2012 17:48 [+] Выгружаем заказ 150000063962
22.05.2012 17:48 [+] Выгружаем заказ 150000063963
22.05.2012 17:49 [+] Пробуем выгрузить заказы
22.05.2012 17:49 [+] Выгружаем заказ 150000063961
22.05.2012 17:49 [+] Выгружаем заказ 150000063962
22.05.2012 17:49 [+] Выгружаем заказ 150000063963
22.05.2012 17:50 [+] Пробуем выгрузить заказы
22.05.2012 17:50 [+] Выгружаем заказ 150000063961
22.05.2012 17:50 [+] Выгружаем заказ 150000063962
22.05.2012 17:50 [+] Выгружаем заказ 150000063963
22.05.2012 17:51 [+] Пробуем выгрузить заказы
22.05.2012 17:51 [+] Выгружаем заказ 150000063961
22.05.2012 17:51 [+] Выгружаем заказ 150000063962
22.05.2012 17:51 [+] Выгружаем заказ 150000063963
22.05.2012 17:52 [+] Пробуем выгрузить заказы
22.05.2012 17:52 [+] Выгружаем заказ 150000063961
22.05.2012 17:52 [+] Выгружаем заказ 150000063962
22.05.2012 17:52 [+] Выгружаем заказ 150000063963
22.05.2012 17:53 [+] Пробуем выгрузить заказы
22.05.2012 17:53 [+] Выгружаем заказ 150000063961
22.05.2012 17:53 [+] Выгружаем заказ 150000063962
22.05.2012 17:53 [+] Выгружаем заказ 150000063963
22.05.2012 17:54 [+] Пробуем выгрузить заказы
22.05.2012 17:54 [+] Выгружаем заказ 150000063961
22.05.2012 17:54 [+] Выгружаем заказ 150000063962
22.05.2012 17:54 [+] Выгружаем заказ 150000063963
22.05.2012 17:55 [+] Пробуем выгрузить заказы
22.05.2012 17:55 [+] Выгружаем заказ 150000063961
22.05.2012 17:55 [+] Выгружаем заказ 150000063962
22.05.2012 17:55 [+] Выгружаем заказ 150000063963
22.05.2012 17:56 [+] Пробуем выгрузить заказы
22.05.2012 17:56 [+] Выгружаем заказ 150000063961
22.05.2012 17:56 [+] Выгружаем заказ 150000063962
22.05.2012 17:56 [+] Выгружаем заказ 150000063963
22.05.2012 17:57 [+] Пробуем выгрузить заказы
22.05.2012 17:57 [+] Выгружаем заказ 150000063961
22.05.2012 17:57 [+] Выгружаем заказ 150000063962
22.05.2012 17:57 [+] Выгружаем заказ 150000063963
22.05.2012 17:58 [+] Пробуем выгрузить заказы
22.05.2012 17:58 [+] Выгружаем заказ 150000063961
22.05.2012 17:58 [+] Выгружаем заказ 150000063962
22.05.2012 17:58 [+] Выгружаем заказ 150000063963
22.05.2012 17:59 [!] Остановлено задание импорта
22.05.2012 17:59 [!] Остановлено задание экспорта.
22.05.2012 17:59 [!] Остановлено задание мониторинга.
22.05.2012 17:59 [!] Остановлено задание получения КЭШа.
22.05.2012 17:59 [!] Остановлено задание повторной выгрузки суточных данных.
22.05.2012 17:59 [!] Остановлено задание автоматической выгрузки заказов.
22.05.2012 17:59 [+] Служба остановлена.
22.05.2012 18:16 [+] Служба стартовала.
22.05.2012 18:16 [!] Запущено задание импорта.
22.05.2012 18:16 [!] Запущено задание экспорта.
22.05.2012 18:16 [!] Запущено задание мониторинга.
22.05.2012 18:16 [!] Запущено задание получения КЭШа.
22.05.2012 18:16 [!] Запущено задание повторной выгрузки суточных данных.
22.05.2012 18:16 [!] Запущено задание автоматической выгрузки заказов.
22.05.2012 18:17 [+] Пробуем выгрузить заказы
22.05.2012 18:17 [+] Выгружаем заказ 150000063961
22.05.2012 18:17 [!] Ошибка выгрузки заказов Invalid URI: The hostname could not be parsed.
22.05.2012 18:18 [+] Пробуем выгрузить заказы
22.05.2012 18:18 [+] Выгружаем заказ 150000063961
22.05.2012 18:18 [!] Ошибка выгрузки заказов Invalid URI: The hostname could not be parsed.
22.05.2012 18:19 [!] Остановлено задание импорта
22.05.2012 18:19 [!] Остановлено задание экспорта.
22.05.2012 18:19 [!] Остановлено задание мониторинга.
22.05.2012 18:19 [!] Остановлено задание получения КЭШа.
22.05.2012 18:19 [!] Остановлено задание повторной выгрузки суточных данных.
22.05.2012 18:19 [!] Остановлено задание автоматической выгрузки заказов.
22.05.2012 18:19 [+] Служба остановлена.
22.05.2012 18:20 [+] Служба стартовала.
22.05.2012 18:20 [!] Запущено задание импорта.
22.05.2012 18:20 [!] Запущено задание экспорта.
22.05.2012 18:20 [!] Запущено задание мониторинга.
22.05.2012 18:20 [!] Запущено задание получения КЭШа.
22.05.2012 18:20 [!] Запущено задание повторной выгрузки суточных данных.
22.05.2012 18:20 [!] Запущено задание автоматической выгрузки заказов.
22.05.2012 18:21 [+] Пробуем выгрузить заказы
22.05.2012 18:21 [+] Подготавливаем к выгрузке заказ 150000063961
22.05.2012 18:21 [+] Выгружаем заказ 150000063961 на 192.168.1.217                                                                                                                                                                                                                                                   в dev/cop/                                                                                                                                                                                                                                                       
22.05.2012 18:21 [!] Ошибка выгрузки заказов Invalid URI: The hostname could not be parsed.
22.05.2012 18:22 [+] Пробуем выгрузить заказы
22.05.2012 18:22 [+] Подготавливаем к выгрузке заказ 150000063961
22.05.2012 18:22 [+] Выгружаем заказ 150000063961 на 192.168.1.217                                                                                                                                                                                                                                                   в dev/cop/                                                                                                                                                                                                                                                       
22.05.2012 18:22 [!] Ошибка выгрузки заказов Invalid URI: The hostname could not be parsed.
22.05.2012 18:23 [!] Остановлено задание импорта
22.05.2012 18:23 [!] Остановлено задание экспорта.
22.05.2012 18:23 [!] Остановлено задание мониторинга.
22.05.2012 18:23 [!] Остановлено задание получения КЭШа.
22.05.2012 18:23 [!] Остановлено задание повторной выгрузки суточных данных.
22.05.2012 18:23 [!] Остановлено задание автоматической выгрузки заказов.
22.05.2012 18:23 [+] Служба остановлена.
22.05.2012 18:24 [+] Служба стартовала.
22.05.2012 18:24 [!] Запущено задание импорта.
22.05.2012 18:24 [!] Запущено задание экспорта.
22.05.2012 18:24 [!] Запущено задание мониторинга.
22.05.2012 18:24 [!] Запущено задание получения КЭШа.
22.05.2012 18:24 [!] Запущено задание повторной выгрузки суточных данных.
22.05.2012 18:24 [!] Запущено задание автоматической выгрузки заказов.
22.05.2012 18:25 [+] Пробуем выгрузить заказы
22.05.2012 18:25 [+] Подготавливаем к выгрузке заказ 150000063961
22.05.2012 18:25 [+] Выгружаем заказ 150000063961 на 192.168.1.217 в dev/cop/
22.05.2012 18:25 [!] Ошибка выгрузки заказов Could not find file 'D:\pub\export\auto_export\150000063961'.
22.05.2012 18:26 [+] Пробуем выгрузить заказы
22.05.2012 18:26 [+] Подготавливаем к выгрузке заказ 150000063961
22.05.2012 18:26 [+] Выгружаем заказ 150000063961 на 192.168.1.217 в dev/cop/
22.05.2012 18:26 [!] Ошибка выгрузки заказов Could not find file 'D:\pub\export\auto_export\150000063961'.
22.05.2012 18:27 [+] Пробуем выгрузить заказы
22.05.2012 18:27 [+] Подготавливаем к выгрузке заказ 150000063961
22.05.2012 18:27 [+] Выгружаем заказ 150000063961 на 192.168.1.217 в dev/cop/
22.05.2012 18:27 [!] Ошибка выгрузки заказов Could not find file 'D:\pub\export\auto_export\150000063961'.
22.05.2012 18:27 [!] Остановлено задание импорта
22.05.2012 18:27 [!] Остановлено задание экспорта.
22.05.2012 18:27 [!] Остановлено задание мониторинга.
22.05.2012 18:27 [!] Остановлено задание получения КЭШа.
22.05.2012 18:27 [!] Остановлено задание повторной выгрузки суточных данных.
22.05.2012 18:27 [!] Остановлено задание автоматической выгрузки заказов.
22.05.2012 18:27 [+] Служба остановлена.
22.05.2012 18:28 [+] Служба стартовала.
22.05.2012 18:28 [!] Запущено задание импорта.
22.05.2012 18:28 [!] Запущено задание экспорта.
22.05.2012 18:28 [!] Запущено задание мониторинга.
22.05.2012 18:28 [!] Запущено задание получения КЭШа.
22.05.2012 18:28 [!] Запущено задание повторной выгрузки суточных данных.
22.05.2012 18:28 [!] Запущено задание автоматической выгрузки заказов.
22.05.2012 18:29 [+] Пробуем выгрузить заказы
22.05.2012 18:29 [+] Подготавливаем к выгрузке заказ 150000063961
22.05.2012 18:29 [+] Выгружаем заказ 150000063961 на 192.168.1.217 в dev/cop/
22.05.2012 18:29 [!] Ошибка выгрузки заказов Could not find file 'D:\pub\export\auto_export\150000063961\'.
22.05.2012 18:30 [+] Запрос кэша korder.xml
22.05.2012 18:30 [+] Получен кэш korder.xml.zip
22.05.2012 18:30 [!] Ошибка распаковки korder.xml.zip
22.05.2012 18:30 [+] Запрос кэша ioorder.zip.xml
22.05.2012 18:30 [+] Получен кэш ioorder.xml.zip
22.05.2012 18:30 [!] Ошибка распаковки ioorder.xml.zip
22.05.2012 18:30 [+] Запрос кэша irorder.zip.xml
22.05.2012 18:30 [+] Получен кэш irorder.xml.zip
22.05.2012 18:30 [!] Ошибка распаковки irorder.xml.zip
22.05.2012 18:30 [+] Пробуем выгрузить заказы
22.05.2012 18:30 [+] Подготавливаем к выгрузке заказ 150000063961
22.05.2012 18:30 [+] Выгружаем заказ 150000063961 на 192.168.1.217 в dev/cop/
22.05.2012 18:30 [!] Ошибка выгрузки заказов Could not find file 'D:\pub\export\auto_export\150000063961\'.
22.05.2012 18:31 [+] Пробуем выгрузить заказы
22.05.2012 18:31 [+] Подготавливаем к выгрузке заказ 150000063961
22.05.2012 18:31 [+] Выгружаем заказ 150000063961 на 192.168.1.217 в dev/cop/
22.05.2012 18:31 [!] Ошибка выгрузки заказов Could not find file 'D:\pub\export\auto_export\150000063961\'.
22.05.2012 18:31 [!] Остановлено задание импорта
22.05.2012 18:31 [!] Остановлено задание экспорта.
22.05.2012 18:31 [!] Остановлено задание мониторинга.
22.05.2012 18:31 [!] Остановлено задание получения КЭШа.
22.05.2012 18:31 [!] Остановлено задание повторной выгрузки суточных данных.
22.05.2012 18:31 [!] Остановлено задание автоматической выгрузки заказов.
22.05.2012 18:31 [+] Служба остановлена.
22.05.2012 18:35 [+] Служба стартовала.
22.05.2012 18:35 [!] Запущено задание импорта.
22.05.2012 18:35 [!] Запущено задание экспорта.
22.05.2012 18:35 [!] Запущено задание мониторинга.
22.05.2012 18:35 [!] Запущено задание получения КЭШа.
22.05.2012 18:35 [!] Запущено задание повторной выгрузки суточных данных.
22.05.2012 18:35 [!] Запущено задание автоматической выгрузки заказов.
22.05.2012 18:36 [+] Пробуем выгрузить заказы
22.05.2012 18:36 [+] Подготавливаем к выгрузке заказ 150000063961
22.05.2012 18:36 [+] Выгружаем заказ 150000063961 на 192.168.1.217 в dev/cop/
22.05.2012 18:36 [!] Ошибка выгрузки заказов Illegal characters in path.
22.05.2012 18:37 [+] Пробуем выгрузить заказы
22.05.2012 18:37 [+] Подготавливаем к выгрузке заказ 150000063961
22.05.2012 18:37 [+] Выгружаем заказ 150000063961 на 192.168.1.217 в dev/cop/
22.05.2012 18:37 [!] Ошибка выгрузки заказов Illegal characters in path.
22.05.2012 18:37 [!] Остановлено задание импорта
22.05.2012 18:37 [!] Остановлено задание экспорта.
22.05.2012 18:37 [!] Остановлено задание мониторинга.
22.05.2012 18:37 [!] Остановлено задание получения КЭШа.
22.05.2012 18:37 [!] Остановлено задание повторной выгрузки суточных данных.
22.05.2012 18:37 [!] Остановлено задание автоматической выгрузки заказов.
22.05.2012 18:37 [+] Служба остановлена.
22.05.2012 18:40 [+] Служба стартовала.
22.05.2012 18:40 [!] Запущено задание импорта.
22.05.2012 18:40 [!] Запущено задание экспорта.
22.05.2012 18:40 [!] Запущено задание мониторинга.
22.05.2012 18:40 [!] Запущено задание получения КЭШа.
22.05.2012 18:40 [!] Запущено задание повторной выгрузки суточных данных.
22.05.2012 18:40 [!] Запущено задание автоматической выгрузки заказов.
22.05.2012 18:41 [+] Пробуем выгрузить заказы
22.05.2012 18:41 [+] Подготавливаем к выгрузке заказ 150000063961
22.05.2012 18:41 [+] Выгружаем заказ 150000063961 на 192.168.1.217 в dev/cop/
22.05.2012 18:41 [+] Подготавливаем к выгрузке заказ 150000063962
22.05.2012 18:41 [+] Выгружаем заказ 150000063962 на 192.168.1.217 в dev/designer/
22.05.2012 18:41 [+] Подготавливаем к выгрузке заказ 150000063963
22.05.2012 18:41 [+] Выгружаем заказ 150000063963 на 192.168.1.217 в dev/designer/
22.05.2012 18:41 [!] Остановлено задание импорта
22.05.2012 18:41 [!] Остановлено задание экспорта.
22.05.2012 18:41 [!] Остановлено задание мониторинга.
22.05.2012 18:41 [!] Остановлено задание получения КЭШа.
22.05.2012 18:41 [!] Остановлено задание повторной выгрузки суточных данных.
22.05.2012 18:41 [!] Остановлено задание автоматической выгрузки заказов.
22.05.2012 18:41 [+] Служба остановлена.
22.05.2012 18:43 [+] Служба стартовала.
22.05.2012 18:43 [!] Запущено задание импорта.
22.05.2012 18:43 [!] Запущено задание экспорта.
22.05.2012 18:43 [!] Запущено задание мониторинга.
22.05.2012 18:43 [!] Запущено задание получения КЭШа.
22.05.2012 18:43 [!] Запущено задание повторной выгрузки суточных данных.
22.05.2012 18:43 [!] Запущено задание автоматической выгрузки заказов.
22.05.2012 18:44 [+] Пробуем выгрузить заказы
22.05.2012 18:44 [+] Подготавливаем к выгрузке заказ 150000063961
22.05.2012 18:44 [+] Выгружаем заказ 150000063961 на 192.168.1.217 в /dev/cop/
22.05.2012 18:44 [+] Подготавливаем к выгрузке заказ 150000063962
22.05.2012 18:44 [+] Выгружаем заказ 150000063962 на 192.168.1.217 в /dev/designer/
22.05.2012 18:44 [+] Подготавливаем к выгрузке заказ 150000063963
22.05.2012 18:44 [+] Выгружаем заказ 150000063963 на 192.168.1.217 в /dev/designer/
22.05.2012 18:45 [+] Пробуем выгрузить заказы
22.05.2012 18:45 [+] Подготавливаем к выгрузке заказ 150000063961
22.05.2012 18:45 [+] Выгружаем заказ 150000063961 на 192.168.1.217 в /dev/cop/
22.05.2012 18:45 [+] Подготавливаем к выгрузке заказ 150000063962
22.05.2012 18:45 [+] Выгружаем заказ 150000063962 на 192.168.1.217 в /dev/designer/
22.05.2012 18:45 [+] Подготавливаем к выгрузке заказ 150000063963
22.05.2012 18:45 [+] Выгружаем заказ 150000063963 на 192.168.1.217 в /dev/designer/
22.05.2012 18:46 [+] Пробуем выгрузить заказы
22.05.2012 18:46 [+] Подготавливаем к выгрузке заказ 150000063961
22.05.2012 18:46 [+] Выгружаем заказ 150000063961 на 192.168.1.217 в /dev/cop/
22.05.2012 18:46 [+] Подготавливаем к выгрузке заказ 150000063962
22.05.2012 18:46 [+] Выгружаем заказ 150000063962 на 192.168.1.217 в /dev/designer/
22.05.2012 18:46 [+] Подготавливаем к выгрузке заказ 150000063963
22.05.2012 18:46 [!] Ошибка выгрузки заказов The process cannot access the file 'D:\pub\export\auto_export\150000063963\150000063963.export' because it is being used by another process.
22.05.2012 18:47 [+] Пробуем выгрузить заказы
22.05.2012 18:47 [+] Подготавливаем к выгрузке заказ 150000063961
22.05.2012 18:47 [+] Выгружаем заказ 150000063961 на 192.168.1.217 в /dev/cop/
22.05.2012 18:47 [+] Подготавливаем к выгрузке заказ 150000063962
22.05.2012 18:47 [+] Выгружаем заказ 150000063962 на 192.168.1.217 в /dev/designer/
22.05.2012 18:47 [+] Подготавливаем к выгрузке заказ 150000063963
22.05.2012 18:47 [!] Ошибка выгрузки заказов The process cannot access the file 'D:\pub\export\auto_export\150000063963\150000063963.export' because it is being used by another process.
22.05.2012 18:48 [+] Пробуем выгрузить заказы
22.05.2012 18:48 [+] Подготавливаем к выгрузке заказ 150000063961
22.05.2012 18:48 [!] Ошибка выгрузки заказов The process cannot access the file 'D:\pub\export\auto_export\150000063961\150000063961.export' because it is being used by another process.
22.05.2012 18:49 [+] Пробуем выгрузить заказы
22.05.2012 18:49 [+] Подготавливаем к выгрузке заказ 150000063961
22.05.2012 18:49 [+] Выгружаем заказ 150000063961 на 192.168.1.217 в /dev/cop/
22.05.2012 18:49 [+] Подготавливаем к выгрузке заказ 150000063962
22.05.2012 18:49 [+] Выгружаем заказ 150000063962 на 192.168.1.217 в /dev/designer/
22.05.2012 18:49 [+] Подготавливаем к выгрузке заказ 150000063963
22.05.2012 18:49 [!] Ошибка выгрузки заказов The process cannot access the file 'D:\pub\export\auto_export\150000063963\150000063963.export' because it is being used by another process.
22.05.2012 18:50 [+] Пробуем выгрузить заказы
22.05.2012 18:50 [+] Подготавливаем к выгрузке заказ 150000063961
22.05.2012 18:50 [!] Ошибка выгрузки заказов The process cannot access the file 'D:\pub\export\auto_export\150000063961\150000063961.export' because it is being used by another process.
22.05.2012 18:51 [+] Пробуем выгрузить заказы
22.05.2012 18:51 [+] Подготавливаем к выгрузке заказ 150000063961
22.05.2012 18:51 [!] Ошибка выгрузки заказов The process cannot access the file 'D:\pub\export\auto_export\150000063961\150000063961.export' because it is being used by another process.
22.05.2012 18:52 [+] Пробуем выгрузить заказы
22.05.2012 18:52 [+] Подготавливаем к выгрузке заказ 150000063961
22.05.2012 18:52 [+] Выгружаем заказ 150000063961 на 192.168.1.217 в /dev/cop/
22.05.2012 18:52 [+] Подготавливаем к выгрузке заказ 150000063962
22.05.2012 18:52 [+] Выгружаем заказ 150000063962 на 192.168.1.217 в /dev/designer/
22.05.2012 18:52 [+] Подготавливаем к выгрузке заказ 150000063963
22.05.2012 18:52 [!] Ошибка выгрузки заказов The process cannot access the file 'D:\pub\export\auto_export\150000063963\150000063963.export' because it is being used by another process.
22.05.2012 18:53 [+] Пробуем выгрузить заказы
22.05.2012 18:53 [+] Подготавливаем к выгрузке заказ 150000063961
22.05.2012 18:53 [!] Ошибка выгрузки заказов The process cannot access the file 'D:\pub\export\auto_export\150000063961\150000063961.export' because it is being used by another process.
22.05.2012 18:54 [!] Остановлено задание импорта
22.05.2012 18:54 [!] Остановлено задание экспорта.
22.05.2012 18:54 [!] Остановлено задание мониторинга.
22.05.2012 18:54 [!] Остановлено задание получения КЭШа.
22.05.2012 18:54 [!] Остановлено задание повторной выгрузки суточных данных.
22.05.2012 18:54 [!] Остановлено задание автоматической выгрузки заказов.
22.05.2012 18:54 [+] Служба остановлена.
22.05.2012 18:54 [+] Служба стартовала.
22.05.2012 18:54 [!] Запущено задание импорта.
22.05.2012 18:54 [!] Запущено задание экспорта.
22.05.2012 18:54 [!] Запущено задание мониторинга.
22.05.2012 18:54 [!] Запущено задание получения КЭШа.
22.05.2012 18:54 [!] Запущено задание повторной выгрузки суточных данных.
22.05.2012 18:54 [!] Запущено задание автоматической выгрузки заказов.
22.05.2012 18:55 [+] Пробуем выгрузить заказы
22.05.2012 18:55 [+] Подготавливаем к выгрузке заказ 150000063961
22.05.2012 18:55 [+] Выгружаем заказ 150000063961 на 192.168.1.217 в /dev/cop/
22.05.2012 18:55 [+] Подготавливаем к выгрузке заказ 150000063962
22.05.2012 18:55 [+] Выгружаем заказ 150000063962 на 192.168.1.217 в /dev/designer/
22.05.2012 18:55 [+] Подготавливаем к выгрузке заказ 150000063963
22.05.2012 18:55 [+] Выгружаем заказ 150000063963 на 192.168.1.217 в /dev/designer/
22.05.2012 18:56 [+] Пробуем выгрузить заказы
22.05.2012 18:56 [+] Подготавливаем к выгрузке заказ 150000063961
22.05.2012 18:56 [+] Выгружаем заказ 150000063961 на 192.168.1.217 в /dev/cop/
22.05.2012 18:56 [+] Подготавливаем к выгрузке заказ 150000063962
22.05.2012 18:56 [+] Выгружаем заказ 150000063962 на 192.168.1.217 в /dev/designer/
22.05.2012 18:56 [+] Подготавливаем к выгрузке заказ 150000063963
22.05.2012 18:56 [+] Выгружаем заказ 150000063963 на 192.168.1.217 в /dev/designer/
22.05.2012 18:57 [+] Пробуем выгрузить заказы
22.05.2012 18:57 [+] Подготавливаем к выгрузке заказ 150000063961
22.05.2012 18:57 [+] Выгружаем заказ 150000063961 на 192.168.1.217 в /dev/cop/
22.05.2012 18:57 [+] Подготавливаем к выгрузке заказ 150000063962
22.05.2012 18:57 [+] Выгружаем заказ 150000063962 на 192.168.1.217 в /dev/designer/
22.05.2012 18:57 [+] Подготавливаем к выгрузке заказ 150000063963
22.05.2012 18:57 [+] Выгружаем заказ 150000063963 на 192.168.1.217 в /dev/designer/
22.05.2012 18:58 [+] Пробуем выгрузить заказы
22.05.2012 18:58 [+] Подготавливаем к выгрузке заказ 150000063961
22.05.2012 18:58 [+] Выгружаем заказ 150000063961 на 192.168.1.217 в /dev/cop/
22.05.2012 18:58 [+] Подготавливаем к выгрузке заказ 150000063962
22.05.2012 18:58 [+] Выгружаем заказ 150000063962 на 192.168.1.217 в /dev/designer/
22.05.2012 18:58 [+] Подготавливаем к выгрузке заказ 150000063963
22.05.2012 18:58 [+] Выгружаем заказ 150000063963 на 192.168.1.217 в /dev/designer/
22.05.2012 18:59 [+] Пробуем выгрузить заказы
22.05.2012 18:59 [+] Подготавливаем к выгрузке заказ 150000063961
22.05.2012 18:59 [+] Выгружаем заказ 150000063961 на 192.168.1.217 в /dev/cop/
22.05.2012 18:59 [+] Подготавливаем к выгрузке заказ 150000063962
22.05.2012 18:59 [+] Выгружаем заказ 150000063962 на 192.168.1.217 в /dev/designer/
22.05.2012 18:59 [+] Подготавливаем к выгрузке заказ 150000063963
22.05.2012 18:59 [+] Выгружаем заказ 150000063963 на 192.168.1.217 в /dev/designer/
22.05.2012 19:00 [+] Запрос кэша korder.xml
22.05.2012 19:00 [+] Получен кэш korder.xml.zip
22.05.2012 19:00 [!] Ошибка распаковки korder.xml.zip
22.05.2012 19:00 [+] Запрос кэша ioorder.zip.xml
22.05.2012 19:00 [+] Получен кэш ioorder.xml.zip
22.05.2012 19:00 [!] Ошибка распаковки ioorder.xml.zip
22.05.2012 19:00 [+] Запрос кэша irorder.zip.xml
22.05.2012 19:00 [+] Получен кэш irorder.xml.zip
22.05.2012 19:00 [!] Ошибка распаковки irorder.xml.zip
22.05.2012 19:00 [+] Пробуем выгрузить заказы
22.05.2012 19:00 [+] Подготавливаем к выгрузке заказ 150000063961
22.05.2012 19:00 [+] Выгружаем заказ 150000063961 на 192.168.1.217 в /dev/cop/
22.05.2012 19:00 [+] Подготавливаем к выгрузке заказ 150000063962
22.05.2012 19:00 [+] Выгружаем заказ 150000063962 на 192.168.1.217 в /dev/designer/
22.05.2012 19:00 [+] Подготавливаем к выгрузке заказ 150000063963
22.05.2012 19:00 [+] Выгружаем заказ 150000063963 на 192.168.1.217 в /dev/designer/
22.05.2012 19:01 [+] Пробуем выгрузить заказы
22.05.2012 19:01 [+] Подготавливаем к выгрузке заказ 150000063961
22.05.2012 19:01 [+] Выгружаем заказ 150000063961 на 192.168.1.217 в /dev/cop/
22.05.2012 19:01 [+] Подготавливаем к выгрузке заказ 150000063962
22.05.2012 19:01 [+] Выгружаем заказ 150000063962 на 192.168.1.217 в /dev/designer/
22.05.2012 19:01 [+] Подготавливаем к выгрузке заказ 150000063963
22.05.2012 19:01 [+] Выгружаем заказ 150000063963 на 192.168.1.217 в /dev/designer/
22.05.2012 19:02 [+] Пробуем выгрузить заказы
22.05.2012 19:02 [+] Подготавливаем к выгрузке заказ 150000063961
22.05.2012 19:02 [+] Выгружаем заказ 150000063961 на 192.168.1.217 в /dev/cop/
22.05.2012 19:02 [+] Подготавливаем к выгрузке заказ 150000063962
22.05.2012 19:02 [+] Выгружаем заказ 150000063962 на 192.168.1.217 в /dev/designer/
22.05.2012 19:03 [+] Подготавливаем к выгрузке заказ 150000063963
22.05.2012 19:03 [+] Выгружаем заказ 150000063963 на 192.168.1.217 в /dev/designer/
22.05.2012 19:04 [+] Пробуем выгрузить заказы
22.05.2012 19:04 [+] Подготавливаем к выгрузке заказ 150000063961
22.05.2012 19:04 [+] Выгружаем заказ 150000063961 на 192.168.1.217 в /dev/cop/
22.05.2012 19:04 [+] Подготавливаем к выгрузке заказ 150000063962
22.05.2012 19:04 [+] Выгружаем заказ 150000063962 на 192.168.1.217 в /dev/designer/
22.05.2012 19:04 [+] Подготавливаем к выгрузке заказ 150000063963
22.05.2012 19:04 [+] Выгружаем заказ 150000063963 на 192.168.1.217 в /dev/designer/
22.05.2012 19:05 [+] Пробуем выгрузить заказы
22.05.2012 19:05 [+] Подготавливаем к выгрузке заказ 150000063961
22.05.2012 19:05 [+] Выгружаем заказ 150000063961 на 192.168.1.217 в /dev/cop/
22.05.2012 19:05 [+] Подготавливаем к выгрузке заказ 150000063962
22.05.2012 19:05 [+] Выгружаем заказ 150000063962 на 192.168.1.217 в /dev/designer/
22.05.2012 19:05 [+] Подготавливаем к выгрузке заказ 150000063963
22.05.2012 19:05 [+] Выгружаем заказ 150000063963 на 192.168.1.217 в /dev/designer/
22.05.2012 19:06 [+] Пробуем выгрузить заказы
22.05.2012 19:06 [+] Подготавливаем к выгрузке заказ 150000063961
22.05.2012 19:06 [+] Выгружаем заказ 150000063961 на 192.168.1.217 в /dev/cop/
22.05.2012 19:06 [+] Подготавливаем к выгрузке заказ 150000063962
22.05.2012 19:06 [+] Выгружаем заказ 150000063962 на 192.168.1.217 в /dev/designer/
22.05.2012 19:06 [+] Подготавливаем к выгрузке заказ 150000063963
22.05.2012 19:06 [+] Выгружаем заказ 150000063963 на 192.168.1.217 в /dev/designer/
